
> Doraex@0.1.0 dev /Users/stoetenremco/projects/Doraex
> next dev --port 3420

 тип Failed to start server
Error: listen EADDRINUSE: address already in use :::3420
    at Server.setupListenHandle [as _listen2] (node:net:1939:16)
    at listenInCluster (node:net:1996:12)
    at Server.listen (node:net:2101:7)
    at /Users/stoetenremco/projects/Doraex/node_modules/.pnpm/next@14.2.16_react-dom@18.3.1_react@18.3.1__react@18.3.1/node_modules/next/dist/server/lib/start-server.js:280:16
    at new Promise (<anonymous>)
    at startServer (/Users/stoetenremco/projects/Doraex/node_modules/.pnpm/next@14.2.16_react-dom@18.3.1_react@18.3.1__react@18.3.1/node_modules/next/dist/server/lib/start-server.js:191:11)
    at /Users/stoetenremco/projects/Doraex/node_modules/.pnpm/next@14.2.16_react-dom@18.3.1_react@18.3.1__react@18.3.1/node_modules/next/dist/server/lib/start-server.js:310:52
    at Span.traceAsyncFn (/Users/stoetenremco/projects/Doraex/node_modules/.pnpm/next@14.2.16_react-dom@18.3.1_react@18.3.1__react@18.3.1/node_modules/next/dist/trace/trace.js:154:26)
    at process.<anonymous> (/Users/stoetenremco/projects/Doraex/node_modules/.pnpm/next@14.2.16_react-dom@18.3.1_react@18.3.1__react@18.3.1/node_modules/next/dist/server/lib/start-server.js:310:35)
    at process.emit (node:events:507:28) {
  code: 'EADDRINUSE',
  errno: -48,
  syscall: 'listen',
  address: '::',
  port: 3420
}
[?25h
